
[2020-03-31 17:41:01] Traceback (most recent call last):
  File "/Users/kumaran/PycharmProjects/flaskapp/sample1.py", line 177, in <module>
    webview.start(login, window)
  File "/Users/kumaran/PycharmProjects/flaskapp/venv/lib/python3.7/site-packages/webview/__init__.py", line 79, in start
    guilib = initialize(gui)
  File "/Users/kumaran/PycharmProjects/flaskapp/venv/lib/python3.7/site-packages/webview/guilib.py", line 83, in initialize
    if not try_import(guis):
  File "/Users/kumaran/PycharmProjects/flaskapp/venv/lib/python3.7/site-packages/webview/guilib.py", line 62, in try_import
    if import_func():
  File "/Users/kumaran/PycharmProjects/flaskapp/venv/lib/python3.7/site-packages/webview/guilib.py", line 40, in import_cocoa
    import webview.platforms.cocoa as guilib
  File "/Users/kumaran/PycharmProjects/flaskapp/venv/lib/python3.7/site-packages/webview/platforms/cocoa.py", line 15, in <module>
    import Foundation
  File "/Users/kumaran/PycharmProjects/flaskapp/venv/lib/python3.7/site-packages/Foundation/__init__.py", line 8, in <module>
    import objc
  File "/Users/kumaran/PycharmProjects/flaskapp/venv/lib/python3.7/site-packages/objc/__init__.py", line 35, in <module>
    from objc._bridgesupport import *
  File "/Users/kumaran/PycharmProjects/flaskapp/venv/lib/python3.7/site-packages/objc/_bridgesupport.py", line 13, in <module>
    import pkg_resources
  File "<frozen importlib._bootstrap>", line 983, in _find_and_load
  File "<frozen importlib._bootstrap>", line 967, in _find_and_load_unlocked
  File "<frozen importlib._bootstrap>", line 668, in _load_unlocked
  File "<frozen importlib._bootstrap>", line 638, in _load_backward_compatible
  File "/Users/kumaran/PycharmProjects/flaskapp/venv/lib/python3.7/site-packages/setuptools-40.8.0-py3.7.egg/pkg_resources/__init__.py", line 3191, in <module>
    @_call_aside
  File "/Users/kumaran/PycharmProjects/flaskapp/venv/lib/python3.7/site-packages/setuptools-40.8.0-py3.7.egg/pkg_resources/__init__.py", line 3175, in _call_aside
    f(*args, **kwargs)
  File "/Users/kumaran/PycharmProjects/flaskapp/venv/lib/python3.7/site-packages/setuptools-40.8.0-py3.7.egg/pkg_resources/__init__.py", line 3204, in _initialize_master_working_set
    working_set = WorkingSet._build_master()
  File "/Users/kumaran/PycharmProjects/flaskapp/venv/lib/python3.7/site-packages/setuptools-40.8.0-py3.7.egg/pkg_resources/__init__.py", line 574, in _build_master
    ws = cls()
  File "/Users/kumaran/PycharmProjects/flaskapp/venv/lib/python3.7/site-packages/setuptools-40.8.0-py3.7.egg/pkg_resources/__init__.py", line 567, in __init__
    self.add_entry(entry)
  File "/Users/kumaran/PycharmProjects/flaskapp/venv/lib/python3.7/site-packages/setuptools-40.8.0-py3.7.egg/pkg_resources/__init__.py", line 623, in add_entry
    for dist in find_distributions(entry, True):
  File "/Users/kumaran/PycharmProjects/flaskapp/venv/lib/python3.7/site-packages/setuptools-40.8.0-py3.7.egg/pkg_resources/__init__.py", line 2029, in find_on_path
    path_item_entries = _by_version_descending(filtered)
  File "/Users/kumaran/PycharmProjects/flaskapp/venv/lib/python3.7/site-packages/setuptools-40.8.0-py3.7.egg/pkg_resources/__init__.py", line 2002, in _by_version_descending
    return sorted(names, key=_by_version, reverse=True)
  File "/Users/kumaran/PycharmProjects/flaskapp/venv/lib/python3.7/site-packages/setuptools-40.8.0-py3.7.egg/pkg_resources/__init__.py", line 2000, in _by_version
    return [packaging.version.parse(part) for part in parts]
  File "/Users/kumaran/PycharmProjects/flaskapp/venv/lib/python3.7/site-packages/setuptools-40.8.0-py3.7.egg/pkg_resources/__init__.py", line 2000, in <listcomp>
    return [packaging.version.parse(part) for part in parts]
  File "/Users/kumaran/PycharmProjects/flaskapp/venv/lib/python3.7/site-packages/setuptools-40.8.0-py3.7.egg/pkg_resources/_vendor/packaging/version.py", line 31, in parse
    return Version(version)
  File "/Users/kumaran/PycharmProjects/flaskapp/venv/lib/python3.7/site-packages/setuptools-40.8.0-py3.7.egg/pkg_resources/_vendor/packaging/version.py", line 230, in __init__
    self._version.local,
KeyboardInterrupt

